<?xml version="1.0" encoding="UTF-8"?>
<!-- Generated by org.testng.reporters.JUnitReportReporter -->
<testsuite skipped="0" hostname="Ryans-MacBook-Pro.local" name="Test01_Get" tests="2" failures="0" timestamp="21 四月 2020 11:09:22 GMT" time="2.313" errors="0">
  <testcase name="test_01" time="1.700" classname="Test01_Get"/>
  <testcase name="test_02" time="0.613" classname="Test01_Get"/>
</testsuite> <!-- Test01_Get -->
