<?xml version="1.0" encoding="UTF-8"?>
<!-- Generated by org.testng.reporters.JUnitReportReporter -->
<testsuite skipped="0" hostname="Ryans-MacBook-Pro.local" name="Test02_GET" tests="1" failures="0" timestamp="21 四月 2020 13:52:00 GMT" time="2.793" errors="0">
  <testcase name="test_1" time="2.793" classname="Test02_GET"/>
</testsuite> <!-- Test02_GET -->
