<?xml version="1.0" encoding="UTF-8"?>
<!-- Generated by org.testng.reporters.JUnitReportReporter -->
<testsuite skipped="0" hostname="Ryans-MacBook-Pro.local" name="exceldatadriven.GetDataFromExcelTest" tests="2" failures="0" timestamp="22 四月 2020 08:53:41 GMT" time="1.102" errors="0">
  <testcase name="testPost" time="1.078" classname="exceldatadriven.GetDataFromExcelTest"/>
  <testcase name="testPost" time="0.024" classname="exceldatadriven.GetDataFromExcelTest"/>
</testsuite> <!-- exceldatadriven.GetDataFromExcelTest -->
