<?xml version="1.0" encoding="UTF-8"?>
<!-- Generated by org.testng.reporters.JUnitReportReporter -->
<testsuite skipped="0" hostname="Ryans-MacBook-Pro.local" name="Json_Server_Examples" tests="1" failures="0" timestamp="22 四月 2020 03:44:48 GMT" time="1.199" errors="0">
  <testcase name="test_delete" time="1.199" classname="Json_Server_Examples"/>
</testsuite> <!-- Json_Server_Examples -->
