<?xml version="1.0" encoding="UTF-8"?>
<!-- Generated by org.testng.reporters.JUnitReportReporter -->
<testsuite skipped="0" hostname="Ryans-MacBook-Pro.local" name="Test03_POST" tests="1" failures="0" timestamp="21 四月 2020 14:35:03 GMT" time="3.021" errors="0">
  <testcase name="test1_post" time="3.021" classname="Test03_POST"/>
</testsuite> <!-- Test03_POST -->
